{
  "0 debug pnpm:scope": {
    "selected": 1
  },
  "1 error pnpm": {
    "message": {
      "errno": 1,
      "code": "ELIFECYCLE",
      "pkgid": "damage-calc@",
      "stage": "lint",
      "script": "subpkg run lint && eslint --cache .",
      "pkgname": "damage-calc"
    },
    "err": {
      "name": "Error",
      "message": "damage-calc@ lint: `subpkg run lint && eslint --cache .`\nExit status 1",
      "code": "ELIFECYCLE",
      "stack": "Error: damage-calc@ lint: `subpkg run lint && eslint --cache .`\nExit status 1\n    at EventEmitter.<anonymous> (/Users/kjs/Code/lib/node_modules/pnpm/lib/node_modules/@zkochan/npm-lifecycle/index.js:302:16)\n    at EventEmitter.emit (events.js:315:20)\n    at ChildProcess.<anonymous> (/Users/kjs/Code/lib/node_modules/pnpm/lib/node_modules/@zkochan/npm-lifecycle/lib/spawn.js:55:14)\n    at ChildProcess.emit (events.js:315:20)\n    at maybeClose (internal/child_process.js:1026:16)\n    at Process.ChildProcess._handle.onexit (internal/child_process.js:286:5)"
    }
  }
}